[2022-06-10T15:53:49.861] [INFO] info - get: {}
[2022-06-10T15:53:49.862] [INFO] info - params: undefined
[2022-06-10T15:54:15.366] [INFO] info - get: {}
[2022-06-10T15:54:15.367] [INFO] info - params: undefined
[2022-06-10T15:54:15.801] [INFO] info - get: {}
[2022-06-10T15:54:15.801] [INFO] info - params: undefined
[2022-06-10T15:54:15.926] [INFO] info - get: {}
[2022-06-10T15:54:15.926] [INFO] info - params: undefined
[2022-06-10T15:54:16.269] [INFO] info - get: {}
[2022-06-10T15:54:16.269] [INFO] info - params: undefined
[2022-06-10T15:55:31.337] [INFO] info - get: {"orgCode":"9669","status":"1","current":"1","size":"10","name":"","categoryCode":""}
[2022-06-10T15:55:31.338] [INFO] info - params: undefined
[2022-06-10T15:55:31.348] [INFO] info - get: {"orgCode":"9669","status":"1","current":"1","size":"10","name":"","categoryCode":""}
[2022-06-10T15:55:31.348] [INFO] info - params: undefined
[2022-06-10T15:57:41.848] [INFO] info - params - OPTIONS - {"orgCode":"9669","status":"1","current":"1","size":"10","name":"","categoryCode":""}
[2022-06-10T15:57:41.849] [INFO] info - body   - OPTIONS - undefined
[2022-06-10T15:57:41.860] [INFO] info - params - GET - {"orgCode":"9669","status":"1","current":"1","size":"10","name":"","categoryCode":""}
[2022-06-10T15:57:41.860] [INFO] info - body   - GET - undefined
[2022-06-10T15:58:41.885] [INFO] info - params - OPTIONS - {"orgCode":"9669","status":"1","current":"1","size":"10","name":"","categoryCode":""}
[2022-06-10T15:58:41.885] [INFO] info - body   - OPTIONS - undefined
[2022-06-10T15:58:41.890] [INFO] info - params - GET - {"orgCode":"9669","status":"1","current":"1","size":"10","name":"","categoryCode":""}
[2022-06-10T15:58:41.890] [INFO] info - body   - GET - undefined
[2022-06-10T15:58:59.332] [INFO] info - params - OPTIONS - {"orgCode":"9669","status":"1","current":"1","size":"10","name":"","categoryCode":""}
[2022-06-10T15:58:59.332] [INFO] info - body   - OPTIONS - undefined
[2022-06-10T15:58:59.337] [INFO] info - params - GET - {"orgCode":"9669","status":"1","current":"1","size":"10","name":"","categoryCode":""}
[2022-06-10T15:58:59.337] [INFO] info - body   - GET - undefined
[2022-06-10T15:59:38.537] [INFO] info - params - OPTIONS - {"orgCode":"9669","status":"1","current":"1","size":"10","name":"","categoryCode":""}
[2022-06-10T15:59:38.537] [INFO] info - body   - OPTIONS - undefined
[2022-06-10T15:59:38.540] [INFO] info - params - GET - {"orgCode":"9669","status":"1","current":"1","size":"10","name":"","categoryCode":""}
[2022-06-10T15:59:38.541] [INFO] info - body   - GET - undefined
[2022-06-10T15:59:46.682] [INFO] info - params - OPTIONS - {"orgCode":"9669","status":"1","current":"1","size":"10","name":"","categoryCode":""}
[2022-06-10T15:59:46.682] [INFO] info - body   - OPTIONS - undefined
[2022-06-10T15:59:46.685] [INFO] info - params - GET - {"orgCode":"9669","status":"1","current":"1","size":"10","name":"","categoryCode":""}
[2022-06-10T15:59:46.685] [INFO] info - body   - GET - undefined
[2022-06-10T16:00:04.267] [INFO] info - params - OPTIONS - {"orgCode":"9669","status":"1","current":"1","size":"10","name":"","categoryCode":""}
[2022-06-10T16:00:04.267] [INFO] info - body   - OPTIONS - undefined
[2022-06-10T16:00:04.270] [INFO] info - params - GET - {"orgCode":"9669","status":"1","current":"1","size":"10","name":"","categoryCode":""}
[2022-06-10T16:00:04.270] [INFO] info - body   - GET - undefined
[2022-06-10T16:00:43.961] [INFO] info - params - OPTIONS - {"orgCode":"9669","status":"1","current":"1","size":"10","name":"","categoryCode":""}
[2022-06-10T16:00:43.961] [INFO] info - body   - OPTIONS - undefined
[2022-06-10T16:00:43.965] [INFO] info - params - GET - {"orgCode":"9669","status":"1","current":"1","size":"10","name":"","categoryCode":""}
[2022-06-10T16:00:43.965] [INFO] info - body   - GET - undefined
[2022-06-10T16:13:43.185] [INFO] info - params - OPTIONS - {"orgCode":"9669","status":"1","current":"1","size":"10","name":"","categoryCode":""}
[2022-06-10T16:13:43.190] [INFO] info - body   - OPTIONS - undefined
[2022-06-10T16:13:43.199] [INFO] info - params - GET - {"orgCode":"9669","status":"1","current":"1","size":"10","name":"","categoryCode":""}
[2022-06-10T16:13:43.199] [INFO] info - body   - GET - undefined
[2022-06-10T16:18:24.448] [INFO] info - params - OPTIONS - {"orgCode":"9669","status":"1","current":"1","size":"10","name":"","categoryCode":""}
[2022-06-10T16:18:24.448] [INFO] info - body   - OPTIONS - undefined
[2022-06-10T16:18:24.453] [INFO] info - params - GET - {"orgCode":"9669","status":"1","current":"1","size":"10","name":"","categoryCode":""}
[2022-06-10T16:18:24.454] [INFO] info - body   - GET - undefined
[2022-06-10T16:19:09.689] [INFO] info - params - OPTIONS - {"orgCode":"9669","status":"1","current":"1","size":"10","name":"","categoryCode":""}
[2022-06-10T16:19:09.689] [INFO] info - body   - OPTIONS - undefined
[2022-06-10T16:19:09.695] [INFO] info - params - GET - {"orgCode":"9669","status":"1","current":"1","size":"10","name":"","categoryCode":""}
[2022-06-10T16:19:09.695] [INFO] info - body   - GET - undefined
[2022-06-10T16:19:43.941] [INFO] info - params - OPTIONS - {"orgCode":"9669","status":"1","current":"1","size":"10","name":"","categoryCode":""}
[2022-06-10T16:19:43.942] [INFO] info - body   - OPTIONS - undefined
[2022-06-10T16:19:43.946] [INFO] info - params - GET - {"orgCode":"9669","status":"1","current":"1","size":"10","name":"","categoryCode":""}
[2022-06-10T16:19:43.946] [INFO] info - body   - GET - undefined
[2022-06-10T16:21:43.552] [INFO] info - params - OPTIONS - {"orgCode":"9669","status":"1","current":"1","size":"10","name":"","categoryCode":""}
[2022-06-10T16:21:43.552] [INFO] info - body   - OPTIONS - undefined
[2022-06-10T16:21:43.556] [INFO] info - params - GET - {"orgCode":"9669","status":"1","current":"1","size":"10","name":"","categoryCode":""}
[2022-06-10T16:21:43.556] [INFO] info - body   - GET - undefined
[2022-06-10T16:22:04.077] [INFO] info - params - OPTIONS - {"orgCode":"9669","status":"1","current":"1","size":"10","name":"","categoryCode":""}
[2022-06-10T16:22:04.078] [INFO] info - body   - OPTIONS - undefined
[2022-06-10T16:22:04.083] [INFO] info - params - GET - {"orgCode":"9669","status":"1","current":"1","size":"10","name":"","categoryCode":""}
[2022-06-10T16:22:04.083] [INFO] info - body   - GET - undefined
[2022-06-10T16:22:05.803] [INFO] info - params - GET - {"orgCode":"9669","status":"1","current":"1","size":"10","name":"","categoryCode":""}
[2022-06-10T16:22:05.803] [INFO] info - body   - GET - undefined
[2022-06-10T16:22:09.597] [INFO] info - params - OPTIONS - {"orgCode":"9669","status":"1","current":"1","size":"10","name":"","categoryCode":""}
[2022-06-10T16:22:09.597] [INFO] info - body   - OPTIONS - undefined
[2022-06-10T16:22:09.601] [INFO] info - params - GET - {"orgCode":"9669","status":"1","current":"1","size":"10","name":"","categoryCode":""}
[2022-06-10T16:22:09.602] [INFO] info - body   - GET - undefined
[2022-06-10T16:22:27.024] [INFO] info - params - OPTIONS - {"orgCode":"9669","status":"1","current":"1","size":"10","name":"","categoryCode":""}
[2022-06-10T16:22:27.024] [INFO] info - body   - OPTIONS - undefined
[2022-06-10T16:22:27.027] [INFO] info - params - GET - {"orgCode":"9669","status":"1","current":"1","size":"10","name":"","categoryCode":""}
[2022-06-10T16:22:27.027] [INFO] info - body   - GET - undefined
[2022-06-10T16:22:30.285] [INFO] info - params - GET - {"orgCode":"9669","status":"1","current":"1","size":"10","name":"","categoryCode":""}
[2022-06-10T16:22:30.285] [INFO] info - body   - GET - undefined
[2022-06-10T16:22:33.385] [INFO] info - params - OPTIONS - {"orgCode":"9669","status":"1","current":"1","size":"10","name":"","categoryCode":""}
[2022-06-10T16:22:33.385] [INFO] info - body   - OPTIONS - undefined
[2022-06-10T16:22:33.391] [INFO] info - params - GET - {"orgCode":"9669","status":"1","current":"1","size":"10","name":"","categoryCode":""}
[2022-06-10T16:22:33.391] [INFO] info - body   - GET - undefined
[2022-06-10T16:22:36.647] [INFO] info - params - GET - {"orgCode":"9669","status":"1","current":"1","size":"10","name":"","categoryCode":""}
[2022-06-10T16:22:36.648] [INFO] info - body   - GET - undefined
[2022-06-10T16:22:39.949] [INFO] info - params - OPTIONS - {"orgCode":"9669","status":"1","current":"1","size":"10","name":"","categoryCode":""}
[2022-06-10T16:22:39.949] [INFO] info - body   - OPTIONS - undefined
[2022-06-10T16:22:39.954] [INFO] info - params - GET - {"orgCode":"9669","status":"1","current":"1","size":"10","name":"","categoryCode":""}
[2022-06-10T16:22:39.954] [INFO] info - body   - GET - undefined
[2022-06-10T16:23:08.423] [INFO] info - params - OPTIONS - {"orgCode":"9669","status":"1","current":"1","size":"10","name":"","categoryCode":""}
[2022-06-10T16:23:08.424] [INFO] info - body   - OPTIONS - undefined
[2022-06-10T16:23:08.428] [INFO] info - params - GET - {"orgCode":"9669","status":"1","current":"1","size":"10","name":"","categoryCode":""}
[2022-06-10T16:23:08.428] [INFO] info - body   - GET - undefined
[2022-06-10T16:23:15.536] [INFO] info - params - OPTIONS - {"orgCode":"9669","status":"1","current":"1","size":"10","name":"","categoryCode":""}
[2022-06-10T16:23:15.536] [INFO] info - body   - OPTIONS - undefined
[2022-06-10T16:23:15.539] [INFO] info - params - GET - {"orgCode":"9669","status":"1","current":"1","size":"10","name":"","categoryCode":""}
[2022-06-10T16:23:15.539] [INFO] info - body   - GET - undefined
[2022-06-10T16:27:32.428] [INFO] info - params - OPTIONS - {"orgCode":"9669","status":"1","current":"1","size":"10","name":"","categoryCode":""}
[2022-06-10T16:27:32.429] [INFO] info - body   - OPTIONS - undefined
[2022-06-10T16:27:32.441] [INFO] info - params - GET - {"orgCode":"9669","status":"1","current":"1","size":"10","name":"","categoryCode":""}
[2022-06-10T16:27:32.441] [INFO] info - body   - GET - undefined
[2022-06-10T16:31:58.553] [INFO] info - params - GET - {"orgCode":"9669","status":"1","current":"1","size":"10","name":"","categoryCode":""}
[2022-06-10T16:37:25.554] [INFO] info - params - GET - {"orgCode":"9669","status":"1","current":"1","size":"10","name":"","categoryCode":""}
[2022-06-10T16:41:30.555] [INFO] info - params - GET - {"orgCode":"9669","status":"1","current":"1","size":"10","name":"","categoryCode":""}
[2022-06-10T16:42:02.436] [INFO] info - params - GET - {"orgCode":"9669","status":"1","current":"1","size":"10","name":"","categoryCode":""}
[2022-06-10T16:42:09.238] [INFO] info - params - GET - {"orgCode":"9669","status":"1","current":"1","size":"10","name":"","categoryCode":""}
[2022-06-10T16:42:39.570] [INFO] info - body   - POST - undefined
[2022-06-10T16:43:15.005] [INFO] info - params - GET - {"orgCode":"9669","status":"1","current":"1","size":"10","name":"","categoryCode":""}
[2022-06-10T16:44:26.225] [INFO] info - params - GET - {"orgCode":"9669","status":"1","current":"1","size":"10","name":"","categoryCode":""}
[2022-06-10T16:44:48.491] [INFO] info - params - GET - {}
[2022-06-10T16:49:44.721] [INFO] info - params - GET - {"orgCode":"9669","status":"1","current":"1","size":"10","name":"","categoryCode":""}
[2022-06-10T16:50:00.812] [INFO] info - params - GET - {}
[2022-06-10T16:50:23.854] [INFO] info - params - GET - {}
[2022-06-10T16:52:23.885] [INFO] info - params - GET - {}
[2022-06-10T16:56:00.911] [INFO] info - params - GET - {"orgCode":"9669","status":"1","current":"1","size":"10","name":"","categoryCode":""}
[2022-06-10T17:02:06.812] [INFO] info - params - GET - {}
[2022-06-10T17:04:05.573] [INFO] info - params - GET - {"orgCode":"9669","status":"1","current":"1","size":"10","name":"","categoryCode":""}
[2022-06-10T17:06:56.792] [INFO] info - params - GET - {}
[2022-06-10T17:12:18.156] [INFO] info - params - GET - {"orgCode":"9669","status":"1","current":"1","size":"10","name":"","categoryCode":""}
[2022-06-10T17:12:53.576] [INFO] info - params - GET - {}
[2022-06-10T17:14:27.302] [INFO] info - params - GET - {"orgCode":"9669","status":"1","current":"1","size":"10","name":"","categoryCode":""}
[2022-06-10T17:14:39.659] [INFO] info - params - GET - {}
[2022-06-10T17:16:58.788] [INFO] info - params - GET - {"orgCode":"9669","status":"1","current":"1","size":"10","name":"","categoryCode":""}
[2022-06-10T17:18:15.492] [INFO] info - params - GET - {"orgCode":"9669","status":"1","current":"1","size":"10","name":"","categoryCode":""}
[2022-06-10T17:18:20.361] [INFO] info - params - GET - {"orgCode":"9669","status":"1","current":"1","size":"10","name":"","categoryCode":""}
[2022-06-10T17:23:18.659] [INFO] info - params - GET - {"orgCode":"9669","status":"1","current":"1","size":"10","name":"","categoryCode":""}
[2022-06-10T17:24:47.751] [INFO] info - params - GET - {"orgCode":"9669","status":"1","current":"1","size":"10","name":"","categoryCode":""}
[2022-06-10T17:25:34.821] [INFO] info - params - GET - {"orgCode":"9669","status":"1","current":"1","size":"10","name":"","categoryCode":""}
[2022-06-10T17:25:55.812] [INFO] info - params - GET - {"orgCode":"9669","status":"1","current":"1","size":"10","name":"","categoryCode":""}
[2022-06-10T17:34:51.669] [INFO] info - params - GET - {"orgCode":"9669","status":"1","current":"1","size":"10","name":"","categoryCode":""}
[2022-06-10T17:35:14.144] [INFO] info - params - GET - {"orgCode":"9669","status":"1","current":"1","size":"10","name":"","categoryCode":""}
[2022-06-10T17:35:25.057] [INFO] info - params - GET - {"orgCode":"9669","status":"1","current":"1","size":"10","name":"","categoryCode":""}
[2022-06-10T17:36:10.734] [INFO] info - params - GET - {"orgCode":"9669","status":"1","current":"1","size":"10","name":"","categoryCode":""}
[2022-06-10T17:42:12.283] [INFO] info - params - GET - {"orgCode":"9669","status":"1","current":"1","size":"10","name":"","categoryCode":""}
[2022-06-10T18:02:47.387] [INFO] info - params - GET - {"orgCode":"9669","status":"1","current":"1","size":"10","name":"","categoryCode":""}
[2022-06-10T18:02:49.227] [INFO] info - params - GET - {"orgCode":"9669","status":"1","current":"1","size":"10","name":"","categoryCode":""}
[2022-06-10T18:02:56.146] [INFO] info - params - GET - {"orgCode":"9669","status":"1","current":"1","size":"10","name":"","categoryCode":""}
[2022-06-10T18:02:58.041] [INFO] info - params - GET - {"orgCode":"9669","status":"1","current":"1","size":"10","name":"","categoryCode":""}
[2022-06-10T18:02:59.830] [INFO] info - params - GET - {"orgCode":"9669","status":"1","current":"1","size":"10","name":"","categoryCode":""}
[2022-06-10T18:09:45.787] [INFO] info - params - GET - {}
[2022-06-10T18:11:50.475] [INFO] info - params - GET - {"orgCode":"9669","status":"1","current":"1","size":"10","name":"","categoryCode":""}
